[10-Apr-2025 17:20:04 Europe/Berlin] Database connection successful
[10-Apr-2025 17:20:04 Europe/Berlin] Login attempt - Email: agnel@gmail.com
[10-Apr-2025 17:20:04 Europe/Berlin] Query executed, rows found: 1
[10-Apr-2025 17:20:04 Europe/Berlin] Login successful for agnel@gmail.com, redirecting to home.php
[10-Apr-2025 17:20:18 Europe/Berlin] Database connection successful
[10-Apr-2025 17:20:26 Europe/Berlin] Database connection successful
[10-Apr-2025 17:20:26 Europe/Berlin] Login attempt - Email: agnel@gmail.com
[10-Apr-2025 17:20:26 Europe/Berlin] Query executed, rows found: 1
[10-Apr-2025 17:20:26 Europe/Berlin] Login successful for agnel@gmail.com, redirecting to home.php
[10-Apr-2025 17:23:23 Europe/Berlin] Database connection successful
[10-Apr-2025 17:27:56 Europe/Berlin] Database connection successful
[10-Apr-2025 17:29:14 Europe/Berlin] Database connection successful
[10-Apr-2025 17:29:29 Europe/Berlin] Database connection successful
[10-Apr-2025 17:29:29 Europe/Berlin] Login attempt - Email: afrarmohd@gmail.com
[10-Apr-2025 17:29:29 Europe/Berlin] Query executed, rows found: 1
[10-Apr-2025 17:29:30 Europe/Berlin] Login successful for afrarmohd@gmail.com, redirecting to home.php
[10-Apr-2025 19:04:18 Europe/Berlin] Database connection successful
[10-Apr-2025 19:04:31 Europe/Berlin] Database connection successful
[10-Apr-2025 19:04:31 Europe/Berlin] Login attempt - Email: afrarmohd@gmail.com
[10-Apr-2025 19:04:31 Europe/Berlin] Query executed, rows found: 1
[10-Apr-2025 19:04:31 Europe/Berlin] Login successful for afrarmohd@gmail.com, redirecting to home.php
[12-Apr-2025 05:08:35 Europe/Berlin] Database connection successful
[12-Apr-2025 05:09:04 Europe/Berlin] Database connection successful
[12-Apr-2025 05:09:14 Europe/Berlin] Database connection successful
[12-Apr-2025 05:09:14 Europe/Berlin] Login attempt - Email: bebi@gmail.com
[12-Apr-2025 05:09:14 Europe/Berlin] Query executed, rows found: 1
[12-Apr-2025 05:09:14 Europe/Berlin] Login successful for bebi@gmail.com, redirecting to home.php
[12-Apr-2025 06:11:08 Europe/Berlin] Database connection successful
[12-Apr-2025 06:11:19 Europe/Berlin] Database connection successful
[12-Apr-2025 06:11:19 Europe/Berlin] Login attempt - Email: bebi@gmail.com
[12-Apr-2025 06:11:19 Europe/Berlin] Query executed, rows found: 1
[12-Apr-2025 06:11:19 Europe/Berlin] Login successful for bebi@gmail.com, redirecting to home.php
[12-Apr-2025 06:50:48 Europe/Berlin] Database connection successful
[12-Apr-2025 06:51:02 Europe/Berlin] Database connection successful
[12-Apr-2025 06:51:02 Europe/Berlin] Login attempt - Email: bebi@gmail.com
[12-Apr-2025 06:51:02 Europe/Berlin] Query executed, rows found: 1
[12-Apr-2025 06:51:02 Europe/Berlin] Invalid password for bebi@gmail.com
[12-Apr-2025 06:51:09 Europe/Berlin] Database connection successful
[12-Apr-2025 06:51:09 Europe/Berlin] Login attempt - Email: bebi@gmail.com
[12-Apr-2025 06:51:09 Europe/Berlin] Query executed, rows found: 1
[12-Apr-2025 06:51:10 Europe/Berlin] Login successful for bebi@gmail.com, redirecting to home.php
[12-Apr-2025 06:52:11 Europe/Berlin] Database connection successful
